<?xml version="1.0" encoding="UTF-8"?>
<!-- Generated by org.testng.reporters.JUnitReportReporter -->
<testsuite hostname="DESKTOP-KKDT01F" failures="0" tests="3" name="com.testng.Amazon_TestNGParameterCO_WDM" time="10.253" errors="0" timestamp="2022-11-14T01:18:48 IST" skipped="0">
  <testcase classname="com.testng.Amazon_TestNGParameterCO_WDM" name="select_from_dropdown" time="1.699"/>
  <system-out/>
  <testcase classname="com.testng.Amazon_TestNGParameterCO_WDM" name="send_the_value" time="2.147"/>
  <system-out/>
  <testcase classname="com.testng.Amazon_TestNGParameterCO_WDM" name="find_the_exact_searchvalue_in_the_suggestion_click" time="6.407"/>
  <system-out/>
</testsuite> <!-- com.testng.Amazon_TestNGParameterCO_WDM -->
