<?xml version="1.0" encoding="UTF-8"?>
<!-- Generated by org.testng.reporters.JUnitReportReporter -->
<testsuite hostname="DESKTOP-KKDT01F" failures="0" tests="3" name="com.testng.Amazon_TestNGParameter" time="10.509" errors="0" timestamp="2022-11-14T01:12:05 IST" skipped="0">
  <testcase classname="com.testng.Amazon_TestNGParameter" name="select_from_dropdown" time="2.278"/>
  <system-out/>
  <testcase classname="com.testng.Amazon_TestNGParameter" name="send_the_value" time="2.117"/>
  <system-out/>
  <testcase classname="com.testng.Amazon_TestNGParameter" name="find_the_exact_searchvalue_in_the_suggestion_click" time="6.114"/>
  <system-out/>
</testsuite> <!-- com.testng.Amazon_TestNGParameter -->
