<?xml version="1.0" encoding="UTF-8"?>
<!-- Generated by org.testng.reporters.JUnitReportReporter -->
<testsuite hostname="DESKTOP-LGKD9GQ" failures="0" tests="3" name="com.testng.Amazon_TestNGParameter4BaseCO_WDM" time="3.602" errors="0" timestamp="2022-12-01T00:11:45 IST" skipped="0">
  <testcase classname="com.testng.Amazon_TestNGParameter4BaseCO_WDM" name="select_from_dropdown" time="1.008"/>
  <system-out/>
  <testcase classname="com.testng.Amazon_TestNGParameter4BaseCO_WDM" name="send_the_value" time="2.109"/>
  <system-out/>
  <testcase classname="com.testng.Amazon_TestNGParameter4BaseCO_WDM" name="find_the_exact_searchvalue_in_the_suggestion_click" time="0.485"/>
  <system-out/>
</testsuite> <!-- com.testng.Amazon_TestNGParameter4BaseCO_WDM -->
